[2021-06-15 14:23:39,964] INFO Reading configuration from: config/zookeeper.properties (org.apache.zookeeper.server.quorum.QuorumPeerConfig)
[2021-06-15 14:23:39,967] WARN config/zookeeper.properties is relative. Prepend ./ to indicate that you're sure! (org.apache.zookeeper.server.quorum.QuorumPeerConfig)
[2021-06-15 14:23:39,985] INFO clientPortAddress is 0.0.0.0:2181 (org.apache.zookeeper.server.quorum.QuorumPeerConfig)
[2021-06-15 14:23:39,985] INFO secureClientPort is not set (org.apache.zookeeper.server.quorum.QuorumPeerConfig)
[2021-06-15 14:23:39,991] INFO autopurge.snapRetainCount set to 3 (org.apache.zookeeper.server.DatadirCleanupManager)
[2021-06-15 14:23:39,991] INFO autopurge.purgeInterval set to 0 (org.apache.zookeeper.server.DatadirCleanupManager)
[2021-06-15 14:23:39,991] INFO Purge task is not scheduled. (org.apache.zookeeper.server.DatadirCleanupManager)
[2021-06-15 14:23:39,991] WARN Either no config or no quorum defined in config, running  in standalone mode (org.apache.zookeeper.server.quorum.QuorumPeerMain)
[2021-06-15 14:23:39,998] INFO Log4j 1.2 jmx support found and enabled. (org.apache.zookeeper.jmx.ManagedUtil)
[2021-06-15 14:23:40,020] INFO Reading configuration from: config/zookeeper.properties (org.apache.zookeeper.server.quorum.QuorumPeerConfig)
[2021-06-15 14:23:40,020] WARN config/zookeeper.properties is relative. Prepend ./ to indicate that you're sure! (org.apache.zookeeper.server.quorum.QuorumPeerConfig)
[2021-06-15 14:23:40,021] INFO clientPortAddress is 0.0.0.0:2181 (org.apache.zookeeper.server.quorum.QuorumPeerConfig)
[2021-06-15 14:23:40,021] INFO secureClientPort is not set (org.apache.zookeeper.server.quorum.QuorumPeerConfig)
[2021-06-15 14:23:40,021] INFO Starting server (org.apache.zookeeper.server.ZooKeeperServerMain)
[2021-06-15 14:23:40,029] INFO zookeeper.snapshot.trust.empty : false (org.apache.zookeeper.server.persistence.FileTxnSnapLog)
[2021-06-15 14:23:40,057] INFO Server environment:zookeeper.version=3.5.9-83df9301aa5c2a5d284a9940177808c01bc35cef, built on 01/06/2021 20:03 GMT (org.apache.zookeeper.server.ZooKeeperServer)
[2021-06-15 14:23:40,057] INFO Server environment:host.name=192.168.1.4 (org.apache.zookeeper.server.ZooKeeperServer)
[2021-06-15 14:23:40,058] INFO Server environment:java.version=1.8.0_282 (org.apache.zookeeper.server.ZooKeeperServer)
[2021-06-15 14:23:40,058] INFO Server environment:java.vendor=Oracle Corporation (org.apache.zookeeper.server.ZooKeeperServer)
[2021-06-15 14:23:40,058] INFO Server environment:java.home=/usr/local/Cellar/openjdk@8/1.8.0+282/libexec/openjdk.jdk/Contents/Home/jre (org.apache.zookeeper.server.ZooKeeperServer)
[2021-06-15 14:23:40,058] INFO Server environment:java.class.path=/Users/jacky/kafka_2.13-2.8.0/bin/../libs/activation-1.1.1.jar:/Users/jacky/kafka_2.13-2.8.0/bin/../libs/aopalliance-repackaged-2.6.1.jar:/Users/jacky/kafka_2.13-2.8.0/bin/../libs/argparse4j-0.7.0.jar:/Users/jacky/kafka_2.13-2.8.0/bin/../libs/audience-annotations-0.5.0.jar:/Users/jacky/kafka_2.13-2.8.0/bin/../libs/commons-cli-1.4.jar:/Users/jacky/kafka_2.13-2.8.0/bin/../libs/commons-lang3-3.8.1.jar:/Users/jacky/kafka_2.13-2.8.0/bin/../libs/connect-api-2.8.0.jar:/Users/jacky/kafka_2.13-2.8.0/bin/../libs/connect-basic-auth-extension-2.8.0.jar:/Users/jacky/kafka_2.13-2.8.0/bin/../libs/connect-file-2.8.0.jar:/Users/jacky/kafka_2.13-2.8.0/bin/../libs/connect-json-2.8.0.jar:/Users/jacky/kafka_2.13-2.8.0/bin/../libs/connect-mirror-2.8.0.jar:/Users/jacky/kafka_2.13-2.8.0/bin/../libs/connect-mirror-client-2.8.0.jar:/Users/jacky/kafka_2.13-2.8.0/bin/../libs/connect-runtime-2.8.0.jar:/Users/jacky/kafka_2.13-2.8.0/bin/../libs/connect-transforms-2.8.0.jar:/Users/jacky/kafka_2.13-2.8.0/bin/../libs/hk2-api-2.6.1.jar:/Users/jacky/kafka_2.13-2.8.0/bin/../libs/hk2-locator-2.6.1.jar:/Users/jacky/kafka_2.13-2.8.0/bin/../libs/hk2-utils-2.6.1.jar:/Users/jacky/kafka_2.13-2.8.0/bin/../libs/jackson-annotations-2.10.5.jar:/Users/jacky/kafka_2.13-2.8.0/bin/../libs/jackson-core-2.10.5.jar:/Users/jacky/kafka_2.13-2.8.0/bin/../libs/jackson-databind-2.10.5.1.jar:/Users/jacky/kafka_2.13-2.8.0/bin/../libs/jackson-dataformat-csv-2.10.5.jar:/Users/jacky/kafka_2.13-2.8.0/bin/../libs/jackson-datatype-jdk8-2.10.5.jar:/Users/jacky/kafka_2.13-2.8.0/bin/../libs/jackson-jaxrs-base-2.10.5.jar:/Users/jacky/kafka_2.13-2.8.0/bin/../libs/jackson-jaxrs-json-provider-2.10.5.jar:/Users/jacky/kafka_2.13-2.8.0/bin/../libs/jackson-module-jaxb-annotations-2.10.5.jar:/Users/jacky/kafka_2.13-2.8.0/bin/../libs/jackson-module-paranamer-2.10.5.jar:/Users/jacky/kafka_2.13-2.8.0/bin/../libs/jackson-module-scala_2.13-2.10.5.jar:/Users/jacky/kafka_2.13-2.8.0/bin/../libs/jakarta.activation-api-1.2.1.jar:/Users/jacky/kafka_2.13-2.8.0/bin/../libs/jakarta.annotation-api-1.3.5.jar:/Users/jacky/kafka_2.13-2.8.0/bin/../libs/jakarta.inject-2.6.1.jar:/Users/jacky/kafka_2.13-2.8.0/bin/../libs/jakarta.validation-api-2.0.2.jar:/Users/jacky/kafka_2.13-2.8.0/bin/../libs/jakarta.ws.rs-api-2.1.6.jar:/Users/jacky/kafka_2.13-2.8.0/bin/../libs/jakarta.xml.bind-api-2.3.2.jar:/Users/jacky/kafka_2.13-2.8.0/bin/../libs/javassist-3.27.0-GA.jar:/Users/jacky/kafka_2.13-2.8.0/bin/../libs/javax.servlet-api-3.1.0.jar:/Users/jacky/kafka_2.13-2.8.0/bin/../libs/javax.ws.rs-api-2.1.1.jar:/Users/jacky/kafka_2.13-2.8.0/bin/../libs/jaxb-api-2.3.0.jar:/Users/jacky/kafka_2.13-2.8.0/bin/../libs/jersey-client-2.31.jar:/Users/jacky/kafka_2.13-2.8.0/bin/../libs/jersey-common-2.31.jar:/Users/jacky/kafka_2.13-2.8.0/bin/../libs/jersey-container-servlet-2.31.jar:/Users/jacky/kafka_2.13-2.8.0/bin/../libs/jersey-container-servlet-core-2.31.jar:/Users/jacky/kafka_2.13-2.8.0/bin/../libs/jersey-hk2-2.31.jar:/Users/jacky/kafka_2.13-2.8.0/bin/../libs/jersey-media-jaxb-2.31.jar:/Users/jacky/kafka_2.13-2.8.0/bin/../libs/jersey-server-2.31.jar:/Users/jacky/kafka_2.13-2.8.0/bin/../libs/jetty-client-9.4.39.v20210325.jar:/Users/jacky/kafka_2.13-2.8.0/bin/../libs/jetty-continuation-9.4.39.v20210325.jar:/Users/jacky/kafka_2.13-2.8.0/bin/../libs/jetty-http-9.4.39.v20210325.jar:/Users/jacky/kafka_2.13-2.8.0/bin/../libs/jetty-io-9.4.39.v20210325.jar:/Users/jacky/kafka_2.13-2.8.0/bin/../libs/jetty-security-9.4.39.v20210325.jar:/Users/jacky/kafka_2.13-2.8.0/bin/../libs/jetty-server-9.4.39.v20210325.jar:/Users/jacky/kafka_2.13-2.8.0/bin/../libs/jetty-servlet-9.4.39.v20210325.jar:/Users/jacky/kafka_2.13-2.8.0/bin/../libs/jetty-servlets-9.4.39.v20210325.jar:/Users/jacky/kafka_2.13-2.8.0/bin/../libs/jetty-util-9.4.39.v20210325.jar:/Users/jacky/kafka_2.13-2.8.0/bin/../libs/jetty-util-ajax-9.4.39.v20210325.jar:/Users/jacky/kafka_2.13-2.8.0/bin/../libs/jline-3.12.1.jar:/Users/jacky/kafka_2.13-2.8.0/bin/../libs/jopt-simple-5.0.4.jar:/Users/jacky/kafka_2.13-2.8.0/bin/../libs/kafka-clients-2.8.0.jar:/Users/jacky/kafka_2.13-2.8.0/bin/../libs/kafka-log4j-appender-2.8.0.jar:/Users/jacky/kafka_2.13-2.8.0/bin/../libs/kafka-metadata-2.8.0.jar:/Users/jacky/kafka_2.13-2.8.0/bin/../libs/kafka-raft-2.8.0.jar:/Users/jacky/kafka_2.13-2.8.0/bin/../libs/kafka-shell-2.8.0.jar:/Users/jacky/kafka_2.13-2.8.0/bin/../libs/kafka-streams-2.8.0.jar:/Users/jacky/kafka_2.13-2.8.0/bin/../libs/kafka-streams-examples-2.8.0.jar:/Users/jacky/kafka_2.13-2.8.0/bin/../libs/kafka-streams-scala_2.13-2.8.0.jar:/Users/jacky/kafka_2.13-2.8.0/bin/../libs/kafka-streams-test-utils-2.8.0.jar:/Users/jacky/kafka_2.13-2.8.0/bin/../libs/kafka-tools-2.8.0.jar:/Users/jacky/kafka_2.13-2.8.0/bin/../libs/kafka_2.13-2.8.0-sources.jar:/Users/jacky/kafka_2.13-2.8.0/bin/../libs/kafka_2.13-2.8.0.jar:/Users/jacky/kafka_2.13-2.8.0/bin/../libs/log4j-1.2.17.jar:/Users/jacky/kafka_2.13-2.8.0/bin/../libs/lz4-java-1.7.1.jar:/Users/jacky/kafka_2.13-2.8.0/bin/../libs/maven-artifact-3.6.3.jar:/Users/jacky/kafka_2.13-2.8.0/bin/../libs/metrics-core-2.2.0.jar:/Users/jacky/kafka_2.13-2.8.0/bin/../libs/netty-buffer-4.1.62.Final.jar:/Users/jacky/kafka_2.13-2.8.0/bin/../libs/netty-codec-4.1.62.Final.jar:/Users/jacky/kafka_2.13-2.8.0/bin/../libs/netty-common-4.1.62.Final.jar:/Users/jacky/kafka_2.13-2.8.0/bin/../libs/netty-handler-4.1.62.Final.jar:/Users/jacky/kafka_2.13-2.8.0/bin/../libs/netty-resolver-4.1.62.Final.jar:/Users/jacky/kafka_2.13-2.8.0/bin/../libs/netty-transport-4.1.62.Final.jar:/Users/jacky/kafka_2.13-2.8.0/bin/../libs/netty-transport-native-epoll-4.1.62.Final.jar:/Users/jacky/kafka_2.13-2.8.0/bin/../libs/netty-transport-native-unix-common-4.1.62.Final.jar:/Users/jacky/kafka_2.13-2.8.0/bin/../libs/osgi-resource-locator-1.0.3.jar:/Users/jacky/kafka_2.13-2.8.0/bin/../libs/paranamer-2.8.jar:/Users/jacky/kafka_2.13-2.8.0/bin/../libs/plexus-utils-3.2.1.jar:/Users/jacky/kafka_2.13-2.8.0/bin/../libs/reflections-0.9.12.jar:/Users/jacky/kafka_2.13-2.8.0/bin/../libs/rocksdbjni-5.18.4.jar:/Users/jacky/kafka_2.13-2.8.0/bin/../libs/scala-collection-compat_2.13-2.3.0.jar:/Users/jacky/kafka_2.13-2.8.0/bin/../libs/scala-java8-compat_2.13-0.9.1.jar:/Users/jacky/kafka_2.13-2.8.0/bin/../libs/scala-library-2.13.5.jar:/Users/jacky/kafka_2.13-2.8.0/bin/../libs/scala-logging_2.13-3.9.2.jar:/Users/jacky/kafka_2.13-2.8.0/bin/../libs/scala-reflect-2.13.5.jar:/Users/jacky/kafka_2.13-2.8.0/bin/../libs/slf4j-api-1.7.30.jar:/Users/jacky/kafka_2.13-2.8.0/bin/../libs/slf4j-log4j12-1.7.30.jar:/Users/jacky/kafka_2.13-2.8.0/bin/../libs/snappy-java-1.1.8.1.jar:/Users/jacky/kafka_2.13-2.8.0/bin/../libs/zookeeper-3.5.9.jar:/Users/jacky/kafka_2.13-2.8.0/bin/../libs/zookeeper-jute-3.5.9.jar:/Users/jacky/kafka_2.13-2.8.0/bin/../libs/zstd-jni-1.4.9-1.jar (org.apache.zookeeper.server.ZooKeeperServer)
[2021-06-15 14:23:40,059] INFO Server environment:java.library.path=/Users/jacky/Library/Java/Extensions:/Library/Java/Extensions:/Network/Library/Java/Extensions:/System/Library/Java/Extensions:/usr/lib/java:. (org.apache.zookeeper.server.ZooKeeperServer)
[2021-06-15 14:23:40,059] INFO Server environment:java.io.tmpdir=/var/folders/2v/9y0v__0x07v5_4l4r76qkvq80000gn/T/ (org.apache.zookeeper.server.ZooKeeperServer)
[2021-06-15 14:23:40,059] INFO Server environment:java.compiler=<NA> (org.apache.zookeeper.server.ZooKeeperServer)
[2021-06-15 14:23:40,059] INFO Server environment:os.name=Mac OS X (org.apache.zookeeper.server.ZooKeeperServer)
[2021-06-15 14:23:40,060] INFO Server environment:os.arch=x86_64 (org.apache.zookeeper.server.ZooKeeperServer)
[2021-06-15 14:23:40,060] INFO Server environment:os.version=10.14.6 (org.apache.zookeeper.server.ZooKeeperServer)
[2021-06-15 14:23:40,060] INFO Server environment:user.name=jacky (org.apache.zookeeper.server.ZooKeeperServer)
[2021-06-15 14:23:40,060] INFO Server environment:user.home=/Users/jacky (org.apache.zookeeper.server.ZooKeeperServer)
[2021-06-15 14:23:40,060] INFO Server environment:user.dir=/Users/jacky/kafka_2.13-2.8.0 (org.apache.zookeeper.server.ZooKeeperServer)
[2021-06-15 14:23:40,060] INFO Server environment:os.memory.free=496MB (org.apache.zookeeper.server.ZooKeeperServer)
[2021-06-15 14:23:40,060] INFO Server environment:os.memory.max=512MB (org.apache.zookeeper.server.ZooKeeperServer)
[2021-06-15 14:23:40,060] INFO Server environment:os.memory.total=512MB (org.apache.zookeeper.server.ZooKeeperServer)
[2021-06-15 14:23:40,064] INFO minSessionTimeout set to 6000 (org.apache.zookeeper.server.ZooKeeperServer)
[2021-06-15 14:23:40,064] INFO maxSessionTimeout set to 60000 (org.apache.zookeeper.server.ZooKeeperServer)
[2021-06-15 14:23:40,065] INFO Created server with tickTime 3000 minSessionTimeout 6000 maxSessionTimeout 60000 datadir /tmp/zookeeper/version-2 snapdir /tmp/zookeeper/version-2 (org.apache.zookeeper.server.ZooKeeperServer)
[2021-06-15 14:23:40,093] INFO Using org.apache.zookeeper.server.NIOServerCnxnFactory as server connection factory (org.apache.zookeeper.server.ServerCnxnFactory)
[2021-06-15 14:23:40,101] INFO Configuring NIO connection handler with 10s sessionless connection timeout, 1 selector thread(s), 8 worker threads, and 64 kB direct buffers. (org.apache.zookeeper.server.NIOServerCnxnFactory)
[2021-06-15 14:23:40,136] INFO binding to port 0.0.0.0/0.0.0.0:2181 (org.apache.zookeeper.server.NIOServerCnxnFactory)
[2021-06-15 14:23:40,165] INFO zookeeper.snapshotSizeFactor = 0.33 (org.apache.zookeeper.server.ZKDatabase)
[2021-06-15 14:23:40,172] INFO Snapshotting: 0x0 to /tmp/zookeeper/version-2/snapshot.0 (org.apache.zookeeper.server.persistence.FileTxnSnapLog)
[2021-06-15 14:23:40,180] INFO Snapshotting: 0x0 to /tmp/zookeeper/version-2/snapshot.0 (org.apache.zookeeper.server.persistence.FileTxnSnapLog)
[2021-06-15 14:23:40,203] INFO PrepRequestProcessor (sid:0) started, reconfigEnabled=false (org.apache.zookeeper.server.PrepRequestProcessor)
[2021-06-15 14:23:40,210] INFO Using checkIntervalMs=60000 maxPerMinute=10000 (org.apache.zookeeper.server.ContainerManager)
[2021-06-15 14:27:45,302] INFO Reading configuration from: config/zookeeper.properties (org.apache.zookeeper.server.quorum.QuorumPeerConfig)
[2021-06-15 14:27:45,303] WARN config/zookeeper.properties is relative. Prepend ./ to indicate that you're sure! (org.apache.zookeeper.server.quorum.QuorumPeerConfig)
[2021-06-15 14:27:45,309] INFO clientPortAddress is 0.0.0.0:2181 (org.apache.zookeeper.server.quorum.QuorumPeerConfig)
[2021-06-15 14:27:45,309] INFO secureClientPort is not set (org.apache.zookeeper.server.quorum.QuorumPeerConfig)
[2021-06-15 14:27:45,311] INFO autopurge.snapRetainCount set to 3 (org.apache.zookeeper.server.DatadirCleanupManager)
[2021-06-15 14:27:45,311] INFO autopurge.purgeInterval set to 0 (org.apache.zookeeper.server.DatadirCleanupManager)
[2021-06-15 14:27:45,312] INFO Purge task is not scheduled. (org.apache.zookeeper.server.DatadirCleanupManager)
[2021-06-15 14:27:45,312] WARN Either no config or no quorum defined in config, running  in standalone mode (org.apache.zookeeper.server.quorum.QuorumPeerMain)
[2021-06-15 14:27:45,316] INFO Log4j 1.2 jmx support found and enabled. (org.apache.zookeeper.jmx.ManagedUtil)
[2021-06-15 14:27:45,332] INFO Reading configuration from: config/zookeeper.properties (org.apache.zookeeper.server.quorum.QuorumPeerConfig)
[2021-06-15 14:27:45,332] WARN config/zookeeper.properties is relative. Prepend ./ to indicate that you're sure! (org.apache.zookeeper.server.quorum.QuorumPeerConfig)
[2021-06-15 14:27:45,332] INFO clientPortAddress is 0.0.0.0:2181 (org.apache.zookeeper.server.quorum.QuorumPeerConfig)
[2021-06-15 14:27:45,333] INFO secureClientPort is not set (org.apache.zookeeper.server.quorum.QuorumPeerConfig)
[2021-06-15 14:27:45,333] INFO Starting server (org.apache.zookeeper.server.ZooKeeperServerMain)
[2021-06-15 14:27:45,336] INFO zookeeper.snapshot.trust.empty : false (org.apache.zookeeper.server.persistence.FileTxnSnapLog)
[2021-06-15 14:27:45,361] INFO Server environment:zookeeper.version=3.5.9-83df9301aa5c2a5d284a9940177808c01bc35cef, built on 01/06/2021 20:03 GMT (org.apache.zookeeper.server.ZooKeeperServer)
[2021-06-15 14:27:45,361] INFO Server environment:host.name=192.168.1.8 (org.apache.zookeeper.server.ZooKeeperServer)
[2021-06-15 14:27:45,361] INFO Server environment:java.version=1.8.0_282 (org.apache.zookeeper.server.ZooKeeperServer)
[2021-06-15 14:27:45,361] INFO Server environment:java.vendor=Oracle Corporation (org.apache.zookeeper.server.ZooKeeperServer)
[2021-06-15 14:27:45,361] INFO Server environment:java.home=/usr/local/Cellar/openjdk@8/1.8.0+282/libexec/openjdk.jdk/Contents/Home/jre (org.apache.zookeeper.server.ZooKeeperServer)
[2021-06-15 14:27:45,362] INFO Server environment:java.class.path=/Users/jacky/kafka_2.13-2.8.0/bin/../libs/activation-1.1.1.jar:/Users/jacky/kafka_2.13-2.8.0/bin/../libs/aopalliance-repackaged-2.6.1.jar:/Users/jacky/kafka_2.13-2.8.0/bin/../libs/argparse4j-0.7.0.jar:/Users/jacky/kafka_2.13-2.8.0/bin/../libs/audience-annotations-0.5.0.jar:/Users/jacky/kafka_2.13-2.8.0/bin/../libs/commons-cli-1.4.jar:/Users/jacky/kafka_2.13-2.8.0/bin/../libs/commons-lang3-3.8.1.jar:/Users/jacky/kafka_2.13-2.8.0/bin/../libs/connect-api-2.8.0.jar:/Users/jacky/kafka_2.13-2.8.0/bin/../libs/connect-basic-auth-extension-2.8.0.jar:/Users/jacky/kafka_2.13-2.8.0/bin/../libs/connect-file-2.8.0.jar:/Users/jacky/kafka_2.13-2.8.0/bin/../libs/connect-json-2.8.0.jar:/Users/jacky/kafka_2.13-2.8.0/bin/../libs/connect-mirror-2.8.0.jar:/Users/jacky/kafka_2.13-2.8.0/bin/../libs/connect-mirror-client-2.8.0.jar:/Users/jacky/kafka_2.13-2.8.0/bin/../libs/connect-runtime-2.8.0.jar:/Users/jacky/kafka_2.13-2.8.0/bin/../libs/connect-transforms-2.8.0.jar:/Users/jacky/kafka_2.13-2.8.0/bin/../libs/hk2-api-2.6.1.jar:/Users/jacky/kafka_2.13-2.8.0/bin/../libs/hk2-locator-2.6.1.jar:/Users/jacky/kafka_2.13-2.8.0/bin/../libs/hk2-utils-2.6.1.jar:/Users/jacky/kafka_2.13-2.8.0/bin/../libs/jackson-annotations-2.10.5.jar:/Users/jacky/kafka_2.13-2.8.0/bin/../libs/jackson-core-2.10.5.jar:/Users/jacky/kafka_2.13-2.8.0/bin/../libs/jackson-databind-2.10.5.1.jar:/Users/jacky/kafka_2.13-2.8.0/bin/../libs/jackson-dataformat-csv-2.10.5.jar:/Users/jacky/kafka_2.13-2.8.0/bin/../libs/jackson-datatype-jdk8-2.10.5.jar:/Users/jacky/kafka_2.13-2.8.0/bin/../libs/jackson-jaxrs-base-2.10.5.jar:/Users/jacky/kafka_2.13-2.8.0/bin/../libs/jackson-jaxrs-json-provider-2.10.5.jar:/Users/jacky/kafka_2.13-2.8.0/bin/../libs/jackson-module-jaxb-annotations-2.10.5.jar:/Users/jacky/kafka_2.13-2.8.0/bin/../libs/jackson-module-paranamer-2.10.5.jar:/Users/jacky/kafka_2.13-2.8.0/bin/../libs/jackson-module-scala_2.13-2.10.5.jar:/Users/jacky/kafka_2.13-2.8.0/bin/../libs/jakarta.activation-api-1.2.1.jar:/Users/jacky/kafka_2.13-2.8.0/bin/../libs/jakarta.annotation-api-1.3.5.jar:/Users/jacky/kafka_2.13-2.8.0/bin/../libs/jakarta.inject-2.6.1.jar:/Users/jacky/kafka_2.13-2.8.0/bin/../libs/jakarta.validation-api-2.0.2.jar:/Users/jacky/kafka_2.13-2.8.0/bin/../libs/jakarta.ws.rs-api-2.1.6.jar:/Users/jacky/kafka_2.13-2.8.0/bin/../libs/jakarta.xml.bind-api-2.3.2.jar:/Users/jacky/kafka_2.13-2.8.0/bin/../libs/javassist-3.27.0-GA.jar:/Users/jacky/kafka_2.13-2.8.0/bin/../libs/javax.servlet-api-3.1.0.jar:/Users/jacky/kafka_2.13-2.8.0/bin/../libs/javax.ws.rs-api-2.1.1.jar:/Users/jacky/kafka_2.13-2.8.0/bin/../libs/jaxb-api-2.3.0.jar:/Users/jacky/kafka_2.13-2.8.0/bin/../libs/jersey-client-2.31.jar:/Users/jacky/kafka_2.13-2.8.0/bin/../libs/jersey-common-2.31.jar:/Users/jacky/kafka_2.13-2.8.0/bin/../libs/jersey-container-servlet-2.31.jar:/Users/jacky/kafka_2.13-2.8.0/bin/../libs/jersey-container-servlet-core-2.31.jar:/Users/jacky/kafka_2.13-2.8.0/bin/../libs/jersey-hk2-2.31.jar:/Users/jacky/kafka_2.13-2.8.0/bin/../libs/jersey-media-jaxb-2.31.jar:/Users/jacky/kafka_2.13-2.8.0/bin/../libs/jersey-server-2.31.jar:/Users/jacky/kafka_2.13-2.8.0/bin/../libs/jetty-client-9.4.39.v20210325.jar:/Users/jacky/kafka_2.13-2.8.0/bin/../libs/jetty-continuation-9.4.39.v20210325.jar:/Users/jacky/kafka_2.13-2.8.0/bin/../libs/jetty-http-9.4.39.v20210325.jar:/Users/jacky/kafka_2.13-2.8.0/bin/../libs/jetty-io-9.4.39.v20210325.jar:/Users/jacky/kafka_2.13-2.8.0/bin/../libs/jetty-security-9.4.39.v20210325.jar:/Users/jacky/kafka_2.13-2.8.0/bin/../libs/jetty-server-9.4.39.v20210325.jar:/Users/jacky/kafka_2.13-2.8.0/bin/../libs/jetty-servlet-9.4.39.v20210325.jar:/Users/jacky/kafka_2.13-2.8.0/bin/../libs/jetty-servlets-9.4.39.v20210325.jar:/Users/jacky/kafka_2.13-2.8.0/bin/../libs/jetty-util-9.4.39.v20210325.jar:/Users/jacky/kafka_2.13-2.8.0/bin/../libs/jetty-util-ajax-9.4.39.v20210325.jar:/Users/jacky/kafka_2.13-2.8.0/bin/../libs/jline-3.12.1.jar:/Users/jacky/kafka_2.13-2.8.0/bin/../libs/jopt-simple-5.0.4.jar:/Users/jacky/kafka_2.13-2.8.0/bin/../libs/kafka-clients-2.8.0.jar:/Users/jacky/kafka_2.13-2.8.0/bin/../libs/kafka-log4j-appender-2.8.0.jar:/Users/jacky/kafka_2.13-2.8.0/bin/../libs/kafka-metadata-2.8.0.jar:/Users/jacky/kafka_2.13-2.8.0/bin/../libs/kafka-raft-2.8.0.jar:/Users/jacky/kafka_2.13-2.8.0/bin/../libs/kafka-shell-2.8.0.jar:/Users/jacky/kafka_2.13-2.8.0/bin/../libs/kafka-streams-2.8.0.jar:/Users/jacky/kafka_2.13-2.8.0/bin/../libs/kafka-streams-examples-2.8.0.jar:/Users/jacky/kafka_2.13-2.8.0/bin/../libs/kafka-streams-scala_2.13-2.8.0.jar:/Users/jacky/kafka_2.13-2.8.0/bin/../libs/kafka-streams-test-utils-2.8.0.jar:/Users/jacky/kafka_2.13-2.8.0/bin/../libs/kafka-tools-2.8.0.jar:/Users/jacky/kafka_2.13-2.8.0/bin/../libs/kafka_2.13-2.8.0-sources.jar:/Users/jacky/kafka_2.13-2.8.0/bin/../libs/kafka_2.13-2.8.0.jar:/Users/jacky/kafka_2.13-2.8.0/bin/../libs/log4j-1.2.17.jar:/Users/jacky/kafka_2.13-2.8.0/bin/../libs/lz4-java-1.7.1.jar:/Users/jacky/kafka_2.13-2.8.0/bin/../libs/maven-artifact-3.6.3.jar:/Users/jacky/kafka_2.13-2.8.0/bin/../libs/metrics-core-2.2.0.jar:/Users/jacky/kafka_2.13-2.8.0/bin/../libs/netty-buffer-4.1.62.Final.jar:/Users/jacky/kafka_2.13-2.8.0/bin/../libs/netty-codec-4.1.62.Final.jar:/Users/jacky/kafka_2.13-2.8.0/bin/../libs/netty-common-4.1.62.Final.jar:/Users/jacky/kafka_2.13-2.8.0/bin/../libs/netty-handler-4.1.62.Final.jar:/Users/jacky/kafka_2.13-2.8.0/bin/../libs/netty-resolver-4.1.62.Final.jar:/Users/jacky/kafka_2.13-2.8.0/bin/../libs/netty-transport-4.1.62.Final.jar:/Users/jacky/kafka_2.13-2.8.0/bin/../libs/netty-transport-native-epoll-4.1.62.Final.jar:/Users/jacky/kafka_2.13-2.8.0/bin/../libs/netty-transport-native-unix-common-4.1.62.Final.jar:/Users/jacky/kafka_2.13-2.8.0/bin/../libs/osgi-resource-locator-1.0.3.jar:/Users/jacky/kafka_2.13-2.8.0/bin/../libs/paranamer-2.8.jar:/Users/jacky/kafka_2.13-2.8.0/bin/../libs/plexus-utils-3.2.1.jar:/Users/jacky/kafka_2.13-2.8.0/bin/../libs/reflections-0.9.12.jar:/Users/jacky/kafka_2.13-2.8.0/bin/../libs/rocksdbjni-5.18.4.jar:/Users/jacky/kafka_2.13-2.8.0/bin/../libs/scala-collection-compat_2.13-2.3.0.jar:/Users/jacky/kafka_2.13-2.8.0/bin/../libs/scala-java8-compat_2.13-0.9.1.jar:/Users/jacky/kafka_2.13-2.8.0/bin/../libs/scala-library-2.13.5.jar:/Users/jacky/kafka_2.13-2.8.0/bin/../libs/scala-logging_2.13-3.9.2.jar:/Users/jacky/kafka_2.13-2.8.0/bin/../libs/scala-reflect-2.13.5.jar:/Users/jacky/kafka_2.13-2.8.0/bin/../libs/slf4j-api-1.7.30.jar:/Users/jacky/kafka_2.13-2.8.0/bin/../libs/slf4j-log4j12-1.7.30.jar:/Users/jacky/kafka_2.13-2.8.0/bin/../libs/snappy-java-1.1.8.1.jar:/Users/jacky/kafka_2.13-2.8.0/bin/../libs/zookeeper-3.5.9.jar:/Users/jacky/kafka_2.13-2.8.0/bin/../libs/zookeeper-jute-3.5.9.jar:/Users/jacky/kafka_2.13-2.8.0/bin/../libs/zstd-jni-1.4.9-1.jar (org.apache.zookeeper.server.ZooKeeperServer)
[2021-06-15 14:27:45,364] INFO Server environment:java.library.path=/Users/jacky/Library/Java/Extensions:/Library/Java/Extensions:/Network/Library/Java/Extensions:/System/Library/Java/Extensions:/usr/lib/java:. (org.apache.zookeeper.server.ZooKeeperServer)
[2021-06-15 14:27:45,364] INFO Server environment:java.io.tmpdir=/var/folders/2v/9y0v__0x07v5_4l4r76qkvq80000gn/T/ (org.apache.zookeeper.server.ZooKeeperServer)
[2021-06-15 14:27:45,364] INFO Server environment:java.compiler=<NA> (org.apache.zookeeper.server.ZooKeeperServer)
[2021-06-15 14:27:45,365] INFO Server environment:os.name=Mac OS X (org.apache.zookeeper.server.ZooKeeperServer)
[2021-06-15 14:27:45,365] INFO Server environment:os.arch=x86_64 (org.apache.zookeeper.server.ZooKeeperServer)
[2021-06-15 14:27:45,365] INFO Server environment:os.version=10.14.6 (org.apache.zookeeper.server.ZooKeeperServer)
[2021-06-15 14:27:45,365] INFO Server environment:user.name=jacky (org.apache.zookeeper.server.ZooKeeperServer)
[2021-06-15 14:27:45,365] INFO Server environment:user.home=/Users/jacky (org.apache.zookeeper.server.ZooKeeperServer)
[2021-06-15 14:27:45,365] INFO Server environment:user.dir=/Users/jacky/kafka_2.13-2.8.0 (org.apache.zookeeper.server.ZooKeeperServer)
[2021-06-15 14:27:45,365] INFO Server environment:os.memory.free=496MB (org.apache.zookeeper.server.ZooKeeperServer)
[2021-06-15 14:27:45,365] INFO Server environment:os.memory.max=512MB (org.apache.zookeeper.server.ZooKeeperServer)
[2021-06-15 14:27:45,365] INFO Server environment:os.memory.total=512MB (org.apache.zookeeper.server.ZooKeeperServer)
[2021-06-15 14:27:45,368] INFO minSessionTimeout set to 6000 (org.apache.zookeeper.server.ZooKeeperServer)
[2021-06-15 14:27:45,369] INFO maxSessionTimeout set to 60000 (org.apache.zookeeper.server.ZooKeeperServer)
[2021-06-15 14:27:45,369] INFO Created server with tickTime 3000 minSessionTimeout 6000 maxSessionTimeout 60000 datadir /tmp/zookeeper/version-2 snapdir /tmp/zookeeper/version-2 (org.apache.zookeeper.server.ZooKeeperServer)
[2021-06-15 14:27:45,397] INFO Using org.apache.zookeeper.server.NIOServerCnxnFactory as server connection factory (org.apache.zookeeper.server.ServerCnxnFactory)
[2021-06-15 14:27:45,419] INFO Configuring NIO connection handler with 10s sessionless connection timeout, 1 selector thread(s), 8 worker threads, and 64 kB direct buffers. (org.apache.zookeeper.server.NIOServerCnxnFactory)
[2021-06-15 14:27:45,448] INFO binding to port 0.0.0.0/0.0.0.0:2181 (org.apache.zookeeper.server.NIOServerCnxnFactory)
[2021-06-15 14:27:45,450] ERROR Unexpected exception, exiting abnormally (org.apache.zookeeper.server.ZooKeeperServerMain)
java.net.BindException: Address already in use
	at sun.nio.ch.Net.bind0(Native Method)
	at sun.nio.ch.Net.bind(Net.java:461)
	at sun.nio.ch.Net.bind(Net.java:453)
	at sun.nio.ch.ServerSocketChannelImpl.bind(ServerSocketChannelImpl.java:222)
	at sun.nio.ch.ServerSocketAdaptor.bind(ServerSocketAdaptor.java:85)
	at sun.nio.ch.ServerSocketAdaptor.bind(ServerSocketAdaptor.java:78)
	at org.apache.zookeeper.server.NIOServerCnxnFactory.configure(NIOServerCnxnFactory.java:687)
	at org.apache.zookeeper.server.ZooKeeperServerMain.runFromConfig(ZooKeeperServerMain.java:144)
	at org.apache.zookeeper.server.ZooKeeperServerMain.initializeAndRun(ZooKeeperServerMain.java:107)
	at org.apache.zookeeper.server.ZooKeeperServerMain.main(ZooKeeperServerMain.java:65)
	at org.apache.zookeeper.server.quorum.QuorumPeerMain.initializeAndRun(QuorumPeerMain.java:128)
	at org.apache.zookeeper.server.quorum.QuorumPeerMain.main(QuorumPeerMain.java:82)
[2021-06-15 14:37:06,639] INFO Reading configuration from: config/zookeeper.properties (org.apache.zookeeper.server.quorum.QuorumPeerConfig)
[2021-06-15 14:37:06,641] WARN config/zookeeper.properties is relative. Prepend ./ to indicate that you're sure! (org.apache.zookeeper.server.quorum.QuorumPeerConfig)
[2021-06-15 14:37:06,646] INFO clientPortAddress is 0.0.0.0:2181 (org.apache.zookeeper.server.quorum.QuorumPeerConfig)
[2021-06-15 14:37:06,646] INFO secureClientPort is not set (org.apache.zookeeper.server.quorum.QuorumPeerConfig)
[2021-06-15 14:37:06,649] INFO autopurge.snapRetainCount set to 3 (org.apache.zookeeper.server.DatadirCleanupManager)
[2021-06-15 14:37:06,649] INFO autopurge.purgeInterval set to 0 (org.apache.zookeeper.server.DatadirCleanupManager)
[2021-06-15 14:37:06,649] INFO Purge task is not scheduled. (org.apache.zookeeper.server.DatadirCleanupManager)
[2021-06-15 14:37:06,649] WARN Either no config or no quorum defined in config, running  in standalone mode (org.apache.zookeeper.server.quorum.QuorumPeerMain)
[2021-06-15 14:37:06,654] INFO Log4j 1.2 jmx support found and enabled. (org.apache.zookeeper.jmx.ManagedUtil)
[2021-06-15 14:37:06,668] INFO Reading configuration from: config/zookeeper.properties (org.apache.zookeeper.server.quorum.QuorumPeerConfig)
[2021-06-15 14:37:06,668] WARN config/zookeeper.properties is relative. Prepend ./ to indicate that you're sure! (org.apache.zookeeper.server.quorum.QuorumPeerConfig)
[2021-06-15 14:37:06,668] INFO clientPortAddress is 0.0.0.0:2181 (org.apache.zookeeper.server.quorum.QuorumPeerConfig)
[2021-06-15 14:37:06,669] INFO secureClientPort is not set (org.apache.zookeeper.server.quorum.QuorumPeerConfig)
[2021-06-15 14:37:06,669] INFO Starting server (org.apache.zookeeper.server.ZooKeeperServerMain)
[2021-06-15 14:37:06,672] INFO zookeeper.snapshot.trust.empty : false (org.apache.zookeeper.server.persistence.FileTxnSnapLog)
[2021-06-15 14:37:06,690] INFO Server environment:zookeeper.version=3.5.9-83df9301aa5c2a5d284a9940177808c01bc35cef, built on 01/06/2021 20:03 GMT (org.apache.zookeeper.server.ZooKeeperServer)
[2021-06-15 14:37:06,690] INFO Server environment:host.name=192.168.1.8 (org.apache.zookeeper.server.ZooKeeperServer)
[2021-06-15 14:37:06,691] INFO Server environment:java.version=1.8.0_282 (org.apache.zookeeper.server.ZooKeeperServer)
[2021-06-15 14:37:06,691] INFO Server environment:java.vendor=Oracle Corporation (org.apache.zookeeper.server.ZooKeeperServer)
[2021-06-15 14:37:06,691] INFO Server environment:java.home=/usr/local/Cellar/openjdk@8/1.8.0+282/libexec/openjdk.jdk/Contents/Home/jre (org.apache.zookeeper.server.ZooKeeperServer)
[2021-06-15 14:37:06,691] INFO Server environment:java.class.path=/Users/jacky/kafka_2.13-2.8.0/bin/../libs/activation-1.1.1.jar:/Users/jacky/kafka_2.13-2.8.0/bin/../libs/aopalliance-repackaged-2.6.1.jar:/Users/jacky/kafka_2.13-2.8.0/bin/../libs/argparse4j-0.7.0.jar:/Users/jacky/kafka_2.13-2.8.0/bin/../libs/audience-annotations-0.5.0.jar:/Users/jacky/kafka_2.13-2.8.0/bin/../libs/commons-cli-1.4.jar:/Users/jacky/kafka_2.13-2.8.0/bin/../libs/commons-lang3-3.8.1.jar:/Users/jacky/kafka_2.13-2.8.0/bin/../libs/connect-api-2.8.0.jar:/Users/jacky/kafka_2.13-2.8.0/bin/../libs/connect-basic-auth-extension-2.8.0.jar:/Users/jacky/kafka_2.13-2.8.0/bin/../libs/connect-file-2.8.0.jar:/Users/jacky/kafka_2.13-2.8.0/bin/../libs/connect-json-2.8.0.jar:/Users/jacky/kafka_2.13-2.8.0/bin/../libs/connect-mirror-2.8.0.jar:/Users/jacky/kafka_2.13-2.8.0/bin/../libs/connect-mirror-client-2.8.0.jar:/Users/jacky/kafka_2.13-2.8.0/bin/../libs/connect-runtime-2.8.0.jar:/Users/jacky/kafka_2.13-2.8.0/bin/../libs/connect-transforms-2.8.0.jar:/Users/jacky/kafka_2.13-2.8.0/bin/../libs/hk2-api-2.6.1.jar:/Users/jacky/kafka_2.13-2.8.0/bin/../libs/hk2-locator-2.6.1.jar:/Users/jacky/kafka_2.13-2.8.0/bin/../libs/hk2-utils-2.6.1.jar:/Users/jacky/kafka_2.13-2.8.0/bin/../libs/jackson-annotations-2.10.5.jar:/Users/jacky/kafka_2.13-2.8.0/bin/../libs/jackson-core-2.10.5.jar:/Users/jacky/kafka_2.13-2.8.0/bin/../libs/jackson-databind-2.10.5.1.jar:/Users/jacky/kafka_2.13-2.8.0/bin/../libs/jackson-dataformat-csv-2.10.5.jar:/Users/jacky/kafka_2.13-2.8.0/bin/../libs/jackson-datatype-jdk8-2.10.5.jar:/Users/jacky/kafka_2.13-2.8.0/bin/../libs/jackson-jaxrs-base-2.10.5.jar:/Users/jacky/kafka_2.13-2.8.0/bin/../libs/jackson-jaxrs-json-provider-2.10.5.jar:/Users/jacky/kafka_2.13-2.8.0/bin/../libs/jackson-module-jaxb-annotations-2.10.5.jar:/Users/jacky/kafka_2.13-2.8.0/bin/../libs/jackson-module-paranamer-2.10.5.jar:/Users/jacky/kafka_2.13-2.8.0/bin/../libs/jackson-module-scala_2.13-2.10.5.jar:/Users/jacky/kafka_2.13-2.8.0/bin/../libs/jakarta.activation-api-1.2.1.jar:/Users/jacky/kafka_2.13-2.8.0/bin/../libs/jakarta.annotation-api-1.3.5.jar:/Users/jacky/kafka_2.13-2.8.0/bin/../libs/jakarta.inject-2.6.1.jar:/Users/jacky/kafka_2.13-2.8.0/bin/../libs/jakarta.validation-api-2.0.2.jar:/Users/jacky/kafka_2.13-2.8.0/bin/../libs/jakarta.ws.rs-api-2.1.6.jar:/Users/jacky/kafka_2.13-2.8.0/bin/../libs/jakarta.xml.bind-api-2.3.2.jar:/Users/jacky/kafka_2.13-2.8.0/bin/../libs/javassist-3.27.0-GA.jar:/Users/jacky/kafka_2.13-2.8.0/bin/../libs/javax.servlet-api-3.1.0.jar:/Users/jacky/kafka_2.13-2.8.0/bin/../libs/javax.ws.rs-api-2.1.1.jar:/Users/jacky/kafka_2.13-2.8.0/bin/../libs/jaxb-api-2.3.0.jar:/Users/jacky/kafka_2.13-2.8.0/bin/../libs/jersey-client-2.31.jar:/Users/jacky/kafka_2.13-2.8.0/bin/../libs/jersey-common-2.31.jar:/Users/jacky/kafka_2.13-2.8.0/bin/../libs/jersey-container-servlet-2.31.jar:/Users/jacky/kafka_2.13-2.8.0/bin/../libs/jersey-container-servlet-core-2.31.jar:/Users/jacky/kafka_2.13-2.8.0/bin/../libs/jersey-hk2-2.31.jar:/Users/jacky/kafka_2.13-2.8.0/bin/../libs/jersey-media-jaxb-2.31.jar:/Users/jacky/kafka_2.13-2.8.0/bin/../libs/jersey-server-2.31.jar:/Users/jacky/kafka_2.13-2.8.0/bin/../libs/jetty-client-9.4.39.v20210325.jar:/Users/jacky/kafka_2.13-2.8.0/bin/../libs/jetty-continuation-9.4.39.v20210325.jar:/Users/jacky/kafka_2.13-2.8.0/bin/../libs/jetty-http-9.4.39.v20210325.jar:/Users/jacky/kafka_2.13-2.8.0/bin/../libs/jetty-io-9.4.39.v20210325.jar:/Users/jacky/kafka_2.13-2.8.0/bin/../libs/jetty-security-9.4.39.v20210325.jar:/Users/jacky/kafka_2.13-2.8.0/bin/../libs/jetty-server-9.4.39.v20210325.jar:/Users/jacky/kafka_2.13-2.8.0/bin/../libs/jetty-servlet-9.4.39.v20210325.jar:/Users/jacky/kafka_2.13-2.8.0/bin/../libs/jetty-servlets-9.4.39.v20210325.jar:/Users/jacky/kafka_2.13-2.8.0/bin/../libs/jetty-util-9.4.39.v20210325.jar:/Users/jacky/kafka_2.13-2.8.0/bin/../libs/jetty-util-ajax-9.4.39.v20210325.jar:/Users/jacky/kafka_2.13-2.8.0/bin/../libs/jline-3.12.1.jar:/Users/jacky/kafka_2.13-2.8.0/bin/../libs/jopt-simple-5.0.4.jar:/Users/jacky/kafka_2.13-2.8.0/bin/../libs/kafka-clients-2.8.0.jar:/Users/jacky/kafka_2.13-2.8.0/bin/../libs/kafka-log4j-appender-2.8.0.jar:/Users/jacky/kafka_2.13-2.8.0/bin/../libs/kafka-metadata-2.8.0.jar:/Users/jacky/kafka_2.13-2.8.0/bin/../libs/kafka-raft-2.8.0.jar:/Users/jacky/kafka_2.13-2.8.0/bin/../libs/kafka-shell-2.8.0.jar:/Users/jacky/kafka_2.13-2.8.0/bin/../libs/kafka-streams-2.8.0.jar:/Users/jacky/kafka_2.13-2.8.0/bin/../libs/kafka-streams-examples-2.8.0.jar:/Users/jacky/kafka_2.13-2.8.0/bin/../libs/kafka-streams-scala_2.13-2.8.0.jar:/Users/jacky/kafka_2.13-2.8.0/bin/../libs/kafka-streams-test-utils-2.8.0.jar:/Users/jacky/kafka_2.13-2.8.0/bin/../libs/kafka-tools-2.8.0.jar:/Users/jacky/kafka_2.13-2.8.0/bin/../libs/kafka_2.13-2.8.0-sources.jar:/Users/jacky/kafka_2.13-2.8.0/bin/../libs/kafka_2.13-2.8.0.jar:/Users/jacky/kafka_2.13-2.8.0/bin/../libs/log4j-1.2.17.jar:/Users/jacky/kafka_2.13-2.8.0/bin/../libs/lz4-java-1.7.1.jar:/Users/jacky/kafka_2.13-2.8.0/bin/../libs/maven-artifact-3.6.3.jar:/Users/jacky/kafka_2.13-2.8.0/bin/../libs/metrics-core-2.2.0.jar:/Users/jacky/kafka_2.13-2.8.0/bin/../libs/netty-buffer-4.1.62.Final.jar:/Users/jacky/kafka_2.13-2.8.0/bin/../libs/netty-codec-4.1.62.Final.jar:/Users/jacky/kafka_2.13-2.8.0/bin/../libs/netty-common-4.1.62.Final.jar:/Users/jacky/kafka_2.13-2.8.0/bin/../libs/netty-handler-4.1.62.Final.jar:/Users/jacky/kafka_2.13-2.8.0/bin/../libs/netty-resolver-4.1.62.Final.jar:/Users/jacky/kafka_2.13-2.8.0/bin/../libs/netty-transport-4.1.62.Final.jar:/Users/jacky/kafka_2.13-2.8.0/bin/../libs/netty-transport-native-epoll-4.1.62.Final.jar:/Users/jacky/kafka_2.13-2.8.0/bin/../libs/netty-transport-native-unix-common-4.1.62.Final.jar:/Users/jacky/kafka_2.13-2.8.0/bin/../libs/osgi-resource-locator-1.0.3.jar:/Users/jacky/kafka_2.13-2.8.0/bin/../libs/paranamer-2.8.jar:/Users/jacky/kafka_2.13-2.8.0/bin/../libs/plexus-utils-3.2.1.jar:/Users/jacky/kafka_2.13-2.8.0/bin/../libs/reflections-0.9.12.jar:/Users/jacky/kafka_2.13-2.8.0/bin/../libs/rocksdbjni-5.18.4.jar:/Users/jacky/kafka_2.13-2.8.0/bin/../libs/scala-collection-compat_2.13-2.3.0.jar:/Users/jacky/kafka_2.13-2.8.0/bin/../libs/scala-java8-compat_2.13-0.9.1.jar:/Users/jacky/kafka_2.13-2.8.0/bin/../libs/scala-library-2.13.5.jar:/Users/jacky/kafka_2.13-2.8.0/bin/../libs/scala-logging_2.13-3.9.2.jar:/Users/jacky/kafka_2.13-2.8.0/bin/../libs/scala-reflect-2.13.5.jar:/Users/jacky/kafka_2.13-2.8.0/bin/../libs/slf4j-api-1.7.30.jar:/Users/jacky/kafka_2.13-2.8.0/bin/../libs/slf4j-log4j12-1.7.30.jar:/Users/jacky/kafka_2.13-2.8.0/bin/../libs/snappy-java-1.1.8.1.jar:/Users/jacky/kafka_2.13-2.8.0/bin/../libs/zookeeper-3.5.9.jar:/Users/jacky/kafka_2.13-2.8.0/bin/../libs/zookeeper-jute-3.5.9.jar:/Users/jacky/kafka_2.13-2.8.0/bin/../libs/zstd-jni-1.4.9-1.jar (org.apache.zookeeper.server.ZooKeeperServer)
[2021-06-15 14:37:06,692] INFO Server environment:java.library.path=/Users/jacky/Library/Java/Extensions:/Library/Java/Extensions:/Network/Library/Java/Extensions:/System/Library/Java/Extensions:/usr/lib/java:. (org.apache.zookeeper.server.ZooKeeperServer)
[2021-06-15 14:37:06,692] INFO Server environment:java.io.tmpdir=/var/folders/2v/9y0v__0x07v5_4l4r76qkvq80000gn/T/ (org.apache.zookeeper.server.ZooKeeperServer)
[2021-06-15 14:37:06,692] INFO Server environment:java.compiler=<NA> (org.apache.zookeeper.server.ZooKeeperServer)
[2021-06-15 14:37:06,692] INFO Server environment:os.name=Mac OS X (org.apache.zookeeper.server.ZooKeeperServer)
[2021-06-15 14:37:06,693] INFO Server environment:os.arch=x86_64 (org.apache.zookeeper.server.ZooKeeperServer)
[2021-06-15 14:37:06,693] INFO Server environment:os.version=10.14.6 (org.apache.zookeeper.server.ZooKeeperServer)
[2021-06-15 14:37:06,693] INFO Server environment:user.name=jacky (org.apache.zookeeper.server.ZooKeeperServer)
[2021-06-15 14:37:06,693] INFO Server environment:user.home=/Users/jacky (org.apache.zookeeper.server.ZooKeeperServer)
[2021-06-15 14:37:06,693] INFO Server environment:user.dir=/Users/jacky/kafka_2.13-2.8.0 (org.apache.zookeeper.server.ZooKeeperServer)
[2021-06-15 14:37:06,693] INFO Server environment:os.memory.free=496MB (org.apache.zookeeper.server.ZooKeeperServer)
[2021-06-15 14:37:06,693] INFO Server environment:os.memory.max=512MB (org.apache.zookeeper.server.ZooKeeperServer)
[2021-06-15 14:37:06,693] INFO Server environment:os.memory.total=512MB (org.apache.zookeeper.server.ZooKeeperServer)
[2021-06-15 14:37:06,696] INFO minSessionTimeout set to 6000 (org.apache.zookeeper.server.ZooKeeperServer)
[2021-06-15 14:37:06,696] INFO maxSessionTimeout set to 60000 (org.apache.zookeeper.server.ZooKeeperServer)
[2021-06-15 14:37:06,697] INFO Created server with tickTime 3000 minSessionTimeout 6000 maxSessionTimeout 60000 datadir /Users/jacky/kafka_2.13-2.8.0/data/zookeeper/version-2 snapdir /Users/jacky/kafka_2.13-2.8.0/data/zookeeper/version-2 (org.apache.zookeeper.server.ZooKeeperServer)
[2021-06-15 14:37:06,721] INFO Using org.apache.zookeeper.server.NIOServerCnxnFactory as server connection factory (org.apache.zookeeper.server.ServerCnxnFactory)
[2021-06-15 14:37:06,724] INFO Configuring NIO connection handler with 10s sessionless connection timeout, 1 selector thread(s), 8 worker threads, and 64 kB direct buffers. (org.apache.zookeeper.server.NIOServerCnxnFactory)
[2021-06-15 14:37:06,752] INFO binding to port 0.0.0.0/0.0.0.0:2181 (org.apache.zookeeper.server.NIOServerCnxnFactory)
[2021-06-15 14:37:06,754] ERROR Unexpected exception, exiting abnormally (org.apache.zookeeper.server.ZooKeeperServerMain)
java.net.BindException: Address already in use
	at sun.nio.ch.Net.bind0(Native Method)
	at sun.nio.ch.Net.bind(Net.java:461)
	at sun.nio.ch.Net.bind(Net.java:453)
	at sun.nio.ch.ServerSocketChannelImpl.bind(ServerSocketChannelImpl.java:222)
	at sun.nio.ch.ServerSocketAdaptor.bind(ServerSocketAdaptor.java:85)
	at sun.nio.ch.ServerSocketAdaptor.bind(ServerSocketAdaptor.java:78)
	at org.apache.zookeeper.server.NIOServerCnxnFactory.configure(NIOServerCnxnFactory.java:687)
	at org.apache.zookeeper.server.ZooKeeperServerMain.runFromConfig(ZooKeeperServerMain.java:144)
	at org.apache.zookeeper.server.ZooKeeperServerMain.initializeAndRun(ZooKeeperServerMain.java:107)
	at org.apache.zookeeper.server.ZooKeeperServerMain.main(ZooKeeperServerMain.java:65)
	at org.apache.zookeeper.server.quorum.QuorumPeerMain.initializeAndRun(QuorumPeerMain.java:128)
	at org.apache.zookeeper.server.quorum.QuorumPeerMain.main(QuorumPeerMain.java:82)
[2021-06-15 14:37:36,919] INFO Reading configuration from: config/zookeeper.properties (org.apache.zookeeper.server.quorum.QuorumPeerConfig)
[2021-06-15 14:37:36,921] WARN config/zookeeper.properties is relative. Prepend ./ to indicate that you're sure! (org.apache.zookeeper.server.quorum.QuorumPeerConfig)
[2021-06-15 14:37:36,926] INFO clientPortAddress is 0.0.0.0:2181 (org.apache.zookeeper.server.quorum.QuorumPeerConfig)
[2021-06-15 14:37:36,927] INFO secureClientPort is not set (org.apache.zookeeper.server.quorum.QuorumPeerConfig)
[2021-06-15 14:37:36,929] INFO autopurge.snapRetainCount set to 3 (org.apache.zookeeper.server.DatadirCleanupManager)
[2021-06-15 14:37:36,929] INFO autopurge.purgeInterval set to 0 (org.apache.zookeeper.server.DatadirCleanupManager)
[2021-06-15 14:37:36,929] INFO Purge task is not scheduled. (org.apache.zookeeper.server.DatadirCleanupManager)
[2021-06-15 14:37:36,929] WARN Either no config or no quorum defined in config, running  in standalone mode (org.apache.zookeeper.server.quorum.QuorumPeerMain)
[2021-06-15 14:37:36,933] INFO Log4j 1.2 jmx support found and enabled. (org.apache.zookeeper.jmx.ManagedUtil)
[2021-06-15 14:37:36,946] INFO Reading configuration from: config/zookeeper.properties (org.apache.zookeeper.server.quorum.QuorumPeerConfig)
[2021-06-15 14:37:36,946] WARN config/zookeeper.properties is relative. Prepend ./ to indicate that you're sure! (org.apache.zookeeper.server.quorum.QuorumPeerConfig)
[2021-06-15 14:37:36,946] INFO clientPortAddress is 0.0.0.0:2181 (org.apache.zookeeper.server.quorum.QuorumPeerConfig)
[2021-06-15 14:37:36,946] INFO secureClientPort is not set (org.apache.zookeeper.server.quorum.QuorumPeerConfig)
[2021-06-15 14:37:36,947] INFO Starting server (org.apache.zookeeper.server.ZooKeeperServerMain)
[2021-06-15 14:37:36,949] INFO zookeeper.snapshot.trust.empty : false (org.apache.zookeeper.server.persistence.FileTxnSnapLog)
[2021-06-15 14:37:36,964] INFO Server environment:zookeeper.version=3.5.9-83df9301aa5c2a5d284a9940177808c01bc35cef, built on 01/06/2021 20:03 GMT (org.apache.zookeeper.server.ZooKeeperServer)
[2021-06-15 14:37:36,964] INFO Server environment:host.name=192.168.1.8 (org.apache.zookeeper.server.ZooKeeperServer)
[2021-06-15 14:37:36,964] INFO Server environment:java.version=1.8.0_282 (org.apache.zookeeper.server.ZooKeeperServer)
[2021-06-15 14:37:36,964] INFO Server environment:java.vendor=Oracle Corporation (org.apache.zookeeper.server.ZooKeeperServer)
[2021-06-15 14:37:36,964] INFO Server environment:java.home=/usr/local/Cellar/openjdk@8/1.8.0+282/libexec/openjdk.jdk/Contents/Home/jre (org.apache.zookeeper.server.ZooKeeperServer)
[2021-06-15 14:37:36,964] INFO Server environment:java.class.path=/Users/jacky/kafka_2.13-2.8.0/bin/../libs/activation-1.1.1.jar:/Users/jacky/kafka_2.13-2.8.0/bin/../libs/aopalliance-repackaged-2.6.1.jar:/Users/jacky/kafka_2.13-2.8.0/bin/../libs/argparse4j-0.7.0.jar:/Users/jacky/kafka_2.13-2.8.0/bin/../libs/audience-annotations-0.5.0.jar:/Users/jacky/kafka_2.13-2.8.0/bin/../libs/commons-cli-1.4.jar:/Users/jacky/kafka_2.13-2.8.0/bin/../libs/commons-lang3-3.8.1.jar:/Users/jacky/kafka_2.13-2.8.0/bin/../libs/connect-api-2.8.0.jar:/Users/jacky/kafka_2.13-2.8.0/bin/../libs/connect-basic-auth-extension-2.8.0.jar:/Users/jacky/kafka_2.13-2.8.0/bin/../libs/connect-file-2.8.0.jar:/Users/jacky/kafka_2.13-2.8.0/bin/../libs/connect-json-2.8.0.jar:/Users/jacky/kafka_2.13-2.8.0/bin/../libs/connect-mirror-2.8.0.jar:/Users/jacky/kafka_2.13-2.8.0/bin/../libs/connect-mirror-client-2.8.0.jar:/Users/jacky/kafka_2.13-2.8.0/bin/../libs/connect-runtime-2.8.0.jar:/Users/jacky/kafka_2.13-2.8.0/bin/../libs/connect-transforms-2.8.0.jar:/Users/jacky/kafka_2.13-2.8.0/bin/../libs/hk2-api-2.6.1.jar:/Users/jacky/kafka_2.13-2.8.0/bin/../libs/hk2-locator-2.6.1.jar:/Users/jacky/kafka_2.13-2.8.0/bin/../libs/hk2-utils-2.6.1.jar:/Users/jacky/kafka_2.13-2.8.0/bin/../libs/jackson-annotations-2.10.5.jar:/Users/jacky/kafka_2.13-2.8.0/bin/../libs/jackson-core-2.10.5.jar:/Users/jacky/kafka_2.13-2.8.0/bin/../libs/jackson-databind-2.10.5.1.jar:/Users/jacky/kafka_2.13-2.8.0/bin/../libs/jackson-dataformat-csv-2.10.5.jar:/Users/jacky/kafka_2.13-2.8.0/bin/../libs/jackson-datatype-jdk8-2.10.5.jar:/Users/jacky/kafka_2.13-2.8.0/bin/../libs/jackson-jaxrs-base-2.10.5.jar:/Users/jacky/kafka_2.13-2.8.0/bin/../libs/jackson-jaxrs-json-provider-2.10.5.jar:/Users/jacky/kafka_2.13-2.8.0/bin/../libs/jackson-module-jaxb-annotations-2.10.5.jar:/Users/jacky/kafka_2.13-2.8.0/bin/../libs/jackson-module-paranamer-2.10.5.jar:/Users/jacky/kafka_2.13-2.8.0/bin/../libs/jackson-module-scala_2.13-2.10.5.jar:/Users/jacky/kafka_2.13-2.8.0/bin/../libs/jakarta.activation-api-1.2.1.jar:/Users/jacky/kafka_2.13-2.8.0/bin/../libs/jakarta.annotation-api-1.3.5.jar:/Users/jacky/kafka_2.13-2.8.0/bin/../libs/jakarta.inject-2.6.1.jar:/Users/jacky/kafka_2.13-2.8.0/bin/../libs/jakarta.validation-api-2.0.2.jar:/Users/jacky/kafka_2.13-2.8.0/bin/../libs/jakarta.ws.rs-api-2.1.6.jar:/Users/jacky/kafka_2.13-2.8.0/bin/../libs/jakarta.xml.bind-api-2.3.2.jar:/Users/jacky/kafka_2.13-2.8.0/bin/../libs/javassist-3.27.0-GA.jar:/Users/jacky/kafka_2.13-2.8.0/bin/../libs/javax.servlet-api-3.1.0.jar:/Users/jacky/kafka_2.13-2.8.0/bin/../libs/javax.ws.rs-api-2.1.1.jar:/Users/jacky/kafka_2.13-2.8.0/bin/../libs/jaxb-api-2.3.0.jar:/Users/jacky/kafka_2.13-2.8.0/bin/../libs/jersey-client-2.31.jar:/Users/jacky/kafka_2.13-2.8.0/bin/../libs/jersey-common-2.31.jar:/Users/jacky/kafka_2.13-2.8.0/bin/../libs/jersey-container-servlet-2.31.jar:/Users/jacky/kafka_2.13-2.8.0/bin/../libs/jersey-container-servlet-core-2.31.jar:/Users/jacky/kafka_2.13-2.8.0/bin/../libs/jersey-hk2-2.31.jar:/Users/jacky/kafka_2.13-2.8.0/bin/../libs/jersey-media-jaxb-2.31.jar:/Users/jacky/kafka_2.13-2.8.0/bin/../libs/jersey-server-2.31.jar:/Users/jacky/kafka_2.13-2.8.0/bin/../libs/jetty-client-9.4.39.v20210325.jar:/Users/jacky/kafka_2.13-2.8.0/bin/../libs/jetty-continuation-9.4.39.v20210325.jar:/Users/jacky/kafka_2.13-2.8.0/bin/../libs/jetty-http-9.4.39.v20210325.jar:/Users/jacky/kafka_2.13-2.8.0/bin/../libs/jetty-io-9.4.39.v20210325.jar:/Users/jacky/kafka_2.13-2.8.0/bin/../libs/jetty-security-9.4.39.v20210325.jar:/Users/jacky/kafka_2.13-2.8.0/bin/../libs/jetty-server-9.4.39.v20210325.jar:/Users/jacky/kafka_2.13-2.8.0/bin/../libs/jetty-servlet-9.4.39.v20210325.jar:/Users/jacky/kafka_2.13-2.8.0/bin/../libs/jetty-servlets-9.4.39.v20210325.jar:/Users/jacky/kafka_2.13-2.8.0/bin/../libs/jetty-util-9.4.39.v20210325.jar:/Users/jacky/kafka_2.13-2.8.0/bin/../libs/jetty-util-ajax-9.4.39.v20210325.jar:/Users/jacky/kafka_2.13-2.8.0/bin/../libs/jline-3.12.1.jar:/Users/jacky/kafka_2.13-2.8.0/bin/../libs/jopt-simple-5.0.4.jar:/Users/jacky/kafka_2.13-2.8.0/bin/../libs/kafka-clients-2.8.0.jar:/Users/jacky/kafka_2.13-2.8.0/bin/../libs/kafka-log4j-appender-2.8.0.jar:/Users/jacky/kafka_2.13-2.8.0/bin/../libs/kafka-metadata-2.8.0.jar:/Users/jacky/kafka_2.13-2.8.0/bin/../libs/kafka-raft-2.8.0.jar:/Users/jacky/kafka_2.13-2.8.0/bin/../libs/kafka-shell-2.8.0.jar:/Users/jacky/kafka_2.13-2.8.0/bin/../libs/kafka-streams-2.8.0.jar:/Users/jacky/kafka_2.13-2.8.0/bin/../libs/kafka-streams-examples-2.8.0.jar:/Users/jacky/kafka_2.13-2.8.0/bin/../libs/kafka-streams-scala_2.13-2.8.0.jar:/Users/jacky/kafka_2.13-2.8.0/bin/../libs/kafka-streams-test-utils-2.8.0.jar:/Users/jacky/kafka_2.13-2.8.0/bin/../libs/kafka-tools-2.8.0.jar:/Users/jacky/kafka_2.13-2.8.0/bin/../libs/kafka_2.13-2.8.0-sources.jar:/Users/jacky/kafka_2.13-2.8.0/bin/../libs/kafka_2.13-2.8.0.jar:/Users/jacky/kafka_2.13-2.8.0/bin/../libs/log4j-1.2.17.jar:/Users/jacky/kafka_2.13-2.8.0/bin/../libs/lz4-java-1.7.1.jar:/Users/jacky/kafka_2.13-2.8.0/bin/../libs/maven-artifact-3.6.3.jar:/Users/jacky/kafka_2.13-2.8.0/bin/../libs/metrics-core-2.2.0.jar:/Users/jacky/kafka_2.13-2.8.0/bin/../libs/netty-buffer-4.1.62.Final.jar:/Users/jacky/kafka_2.13-2.8.0/bin/../libs/netty-codec-4.1.62.Final.jar:/Users/jacky/kafka_2.13-2.8.0/bin/../libs/netty-common-4.1.62.Final.jar:/Users/jacky/kafka_2.13-2.8.0/bin/../libs/netty-handler-4.1.62.Final.jar:/Users/jacky/kafka_2.13-2.8.0/bin/../libs/netty-resolver-4.1.62.Final.jar:/Users/jacky/kafka_2.13-2.8.0/bin/../libs/netty-transport-4.1.62.Final.jar:/Users/jacky/kafka_2.13-2.8.0/bin/../libs/netty-transport-native-epoll-4.1.62.Final.jar:/Users/jacky/kafka_2.13-2.8.0/bin/../libs/netty-transport-native-unix-common-4.1.62.Final.jar:/Users/jacky/kafka_2.13-2.8.0/bin/../libs/osgi-resource-locator-1.0.3.jar:/Users/jacky/kafka_2.13-2.8.0/bin/../libs/paranamer-2.8.jar:/Users/jacky/kafka_2.13-2.8.0/bin/../libs/plexus-utils-3.2.1.jar:/Users/jacky/kafka_2.13-2.8.0/bin/../libs/reflections-0.9.12.jar:/Users/jacky/kafka_2.13-2.8.0/bin/../libs/rocksdbjni-5.18.4.jar:/Users/jacky/kafka_2.13-2.8.0/bin/../libs/scala-collection-compat_2.13-2.3.0.jar:/Users/jacky/kafka_2.13-2.8.0/bin/../libs/scala-java8-compat_2.13-0.9.1.jar:/Users/jacky/kafka_2.13-2.8.0/bin/../libs/scala-library-2.13.5.jar:/Users/jacky/kafka_2.13-2.8.0/bin/../libs/scala-logging_2.13-3.9.2.jar:/Users/jacky/kafka_2.13-2.8.0/bin/../libs/scala-reflect-2.13.5.jar:/Users/jacky/kafka_2.13-2.8.0/bin/../libs/slf4j-api-1.7.30.jar:/Users/jacky/kafka_2.13-2.8.0/bin/../libs/slf4j-log4j12-1.7.30.jar:/Users/jacky/kafka_2.13-2.8.0/bin/../libs/snappy-java-1.1.8.1.jar:/Users/jacky/kafka_2.13-2.8.0/bin/../libs/zookeeper-3.5.9.jar:/Users/jacky/kafka_2.13-2.8.0/bin/../libs/zookeeper-jute-3.5.9.jar:/Users/jacky/kafka_2.13-2.8.0/bin/../libs/zstd-jni-1.4.9-1.jar (org.apache.zookeeper.server.ZooKeeperServer)
[2021-06-15 14:37:36,965] INFO Server environment:java.library.path=/Users/jacky/Library/Java/Extensions:/Library/Java/Extensions:/Network/Library/Java/Extensions:/System/Library/Java/Extensions:/usr/lib/java:. (org.apache.zookeeper.server.ZooKeeperServer)
[2021-06-15 14:37:36,965] INFO Server environment:java.io.tmpdir=/var/folders/2v/9y0v__0x07v5_4l4r76qkvq80000gn/T/ (org.apache.zookeeper.server.ZooKeeperServer)
[2021-06-15 14:37:36,965] INFO Server environment:java.compiler=<NA> (org.apache.zookeeper.server.ZooKeeperServer)
[2021-06-15 14:37:36,965] INFO Server environment:os.name=Mac OS X (org.apache.zookeeper.server.ZooKeeperServer)
[2021-06-15 14:37:36,966] INFO Server environment:os.arch=x86_64 (org.apache.zookeeper.server.ZooKeeperServer)
[2021-06-15 14:37:36,966] INFO Server environment:os.version=10.14.6 (org.apache.zookeeper.server.ZooKeeperServer)
[2021-06-15 14:37:36,966] INFO Server environment:user.name=jacky (org.apache.zookeeper.server.ZooKeeperServer)
[2021-06-15 14:37:36,966] INFO Server environment:user.home=/Users/jacky (org.apache.zookeeper.server.ZooKeeperServer)
[2021-06-15 14:37:36,966] INFO Server environment:user.dir=/Users/jacky/kafka_2.13-2.8.0 (org.apache.zookeeper.server.ZooKeeperServer)
[2021-06-15 14:37:36,966] INFO Server environment:os.memory.free=496MB (org.apache.zookeeper.server.ZooKeeperServer)
[2021-06-15 14:37:36,966] INFO Server environment:os.memory.max=512MB (org.apache.zookeeper.server.ZooKeeperServer)
[2021-06-15 14:37:36,966] INFO Server environment:os.memory.total=512MB (org.apache.zookeeper.server.ZooKeeperServer)
[2021-06-15 14:37:36,968] INFO minSessionTimeout set to 6000 (org.apache.zookeeper.server.ZooKeeperServer)
[2021-06-15 14:37:36,968] INFO maxSessionTimeout set to 60000 (org.apache.zookeeper.server.ZooKeeperServer)
[2021-06-15 14:37:36,969] INFO Created server with tickTime 3000 minSessionTimeout 6000 maxSessionTimeout 60000 datadir /Users/jacky/kafka_2.13-2.8.0/data/zookeeper/version-2 snapdir /Users/jacky/kafka_2.13-2.8.0/data/zookeeper/version-2 (org.apache.zookeeper.server.ZooKeeperServer)
[2021-06-15 14:37:36,985] INFO Using org.apache.zookeeper.server.NIOServerCnxnFactory as server connection factory (org.apache.zookeeper.server.ServerCnxnFactory)
[2021-06-15 14:37:36,988] INFO Configuring NIO connection handler with 10s sessionless connection timeout, 1 selector thread(s), 8 worker threads, and 64 kB direct buffers. (org.apache.zookeeper.server.NIOServerCnxnFactory)
[2021-06-15 14:37:37,011] INFO binding to port 0.0.0.0/0.0.0.0:2181 (org.apache.zookeeper.server.NIOServerCnxnFactory)
[2021-06-15 14:37:37,013] ERROR Unexpected exception, exiting abnormally (org.apache.zookeeper.server.ZooKeeperServerMain)
java.net.BindException: Address already in use
	at sun.nio.ch.Net.bind0(Native Method)
	at sun.nio.ch.Net.bind(Net.java:461)
	at sun.nio.ch.Net.bind(Net.java:453)
	at sun.nio.ch.ServerSocketChannelImpl.bind(ServerSocketChannelImpl.java:222)
	at sun.nio.ch.ServerSocketAdaptor.bind(ServerSocketAdaptor.java:85)
	at sun.nio.ch.ServerSocketAdaptor.bind(ServerSocketAdaptor.java:78)
	at org.apache.zookeeper.server.NIOServerCnxnFactory.configure(NIOServerCnxnFactory.java:687)
	at org.apache.zookeeper.server.ZooKeeperServerMain.runFromConfig(ZooKeeperServerMain.java:144)
	at org.apache.zookeeper.server.ZooKeeperServerMain.initializeAndRun(ZooKeeperServerMain.java:107)
	at org.apache.zookeeper.server.ZooKeeperServerMain.main(ZooKeeperServerMain.java:65)
	at org.apache.zookeeper.server.quorum.QuorumPeerMain.initializeAndRun(QuorumPeerMain.java:128)
	at org.apache.zookeeper.server.quorum.QuorumPeerMain.main(QuorumPeerMain.java:82)
